<?xml version="1.0" encoding="UTF-8"?>
<coverage generated="1679670274318" clover="3.2.0">
  <project timestamp="1679670274318" name="All files">
    <metrics statements="11" coveredstatements="11" conditionals="4" coveredconditionals="4" methods="4" coveredmethods="4" elements="19" coveredelements="19" complexity="0" loc="11" ncloc="11" packages="3" files="3" classes="3"/>
    <package name="jest.__mock__">
      <metrics statements="1" coveredstatements="1" conditionals="0" coveredconditionals="0" methods="0" coveredmethods="0"/>
      <file name="fileMock.js" path="/Users/nitesh.kanyal/Documents/mywater-mobapp-publish-npm-poc/jest/__mock__/fileMock.js">
        <metrics statements="1" coveredstatements="1" conditionals="0" coveredconditionals="0" methods="0" coveredmethods="0"/>
        <line num="1" count="1" type="stmt"/>
      </file>
    </package>
    <package name="src.components">
      <metrics statements="3" coveredstatements="3" conditionals="2" coveredconditionals="2" methods="1" coveredmethods="1"/>
      <file name="ImageComponent.js" path="/Users/nitesh.kanyal/Documents/mywater-mobapp-publish-npm-poc/src/components/ImageComponent.js">
        <metrics statements="3" coveredstatements="3" conditionals="2" coveredconditionals="2" methods="1" coveredmethods="1"/>
        <line num="4" count="1" type="stmt"/>
        <line num="5" count="9" type="stmt"/>
        <line num="6" count="8" type="stmt"/>
      </file>
    </package>
    <package name="src.containers">
      <metrics statements="7" coveredstatements="7" conditionals="2" coveredconditionals="2" methods="3" coveredmethods="3"/>
      <file name="ImageGridView.js" path="/Users/nitesh.kanyal/Documents/mywater-mobapp-publish-npm-poc/src/containers/ImageGridView.js">
        <metrics statements="7" coveredstatements="7" conditionals="2" coveredconditionals="2" methods="3" coveredmethods="3"/>
        <line num="5" count="1" type="stmt"/>
        <line num="33" count="1" type="stmt"/>
        <line num="34" count="8" type="stmt"/>
        <line num="42" count="1" type="stmt"/>
        <line num="43" count="4" type="stmt"/>
        <line num="44" count="3" type="stmt"/>
        <line num="50" count="8" type="stmt"/>
      </file>
    </package>
  </project>
</coverage>
