{"/Users/nitesh.kanyal/Documents/mywater-mobapp-publish-npm-poc/jest/__mock__/fileMock.js": {"path":"/Users/nitesh.kanyal/Documents/mywater-mobapp-publish-npm-poc/jest/__mock__/fileMock.js","statementMap":{"0":{"start":{"line":1,"column":0},"end":{"line":1,"column":34}}},"fnMap":{},"branchMap":{},"s":{"0":1},"f":{},"b":{},"_coverageSchema":"1a1c01bbd47fc00a2c39e90264f33305004495a9","hash":"bcc868ecbb49f97b500d11555273d88d72569cfd"}
,"/Users/nitesh.kanyal/Documents/mywater-mobapp-publish-npm-poc/src/components/ImageComponent.js": {"path":"/Users/nitesh.kanyal/Documents/mywater-mobapp-publish-npm-poc/src/components/ImageComponent.js","statementMap":{"0":{"start":{"line":4,"column":23},"end":{"line":15,"column":1}},"1":{"start":{"line":5,"column":32},"end":{"line":5,"column":37}},"2":{"start":{"line":6,"column":4},"end":{"line":14,"column":5}}},"fnMap":{"0":{"name":"(anonymous_0)","decl":{"start":{"line":4,"column":23},"end":{"line":4,"column":24}},"loc":{"start":{"line":4,"column":34},"end":{"line":15,"column":1}},"line":4}},"branchMap":{"0":{"loc":{"start":{"line":9,"column":24},"end":{"line":9,"column":74}},"type":"cond-expr","locations":[{"start":{"line":9,"column":30},"end":{"line":9,"column":33}},{"start":{"line":9,"column":36},"end":{"line":9,"column":74}}],"line":9}},"s":{"0":1,"1":9,"2":8},"f":{"0":9},"b":{"0":[6,2]},"_coverageSchema":"1a1c01bbd47fc00a2c39e90264f33305004495a9","hash":"12ce3952863291d36014808caaa87020ffe7978a"}
,"/Users/nitesh.kanyal/Documents/mywater-mobapp-publish-npm-poc/src/containers/ImageGridView.js": {"path":"/Users/nitesh.kanyal/Documents/mywater-mobapp-publish-npm-poc/src/containers/ImageGridView.js","statementMap":{"0":{"start":{"line":5,"column":18},"end":{"line":30,"column":1}},"1":{"start":{"line":33,"column":19},"end":{"line":40,"column":1}},"2":{"start":{"line":34,"column":4},"end":{"line":39,"column":5}},"3":{"start":{"line":42,"column":22},"end":{"line":55,"column":1}},"4":{"start":{"line":43,"column":23},"end":{"line":43,"column":28}},"5":{"start":{"line":44,"column":4},"end":{"line":54,"column":5}},"6":{"start":{"line":50,"column":38},"end":{"line":50,"column":45}}},"fnMap":{"0":{"name":"(anonymous_0)","decl":{"start":{"line":33,"column":19},"end":{"line":33,"column":20}},"loc":{"start":{"line":33,"column":40},"end":{"line":40,"column":1}},"line":33},"1":{"name":"(anonymous_1)","decl":{"start":{"line":42,"column":22},"end":{"line":42,"column":23}},"loc":{"start":{"line":42,"column":33},"end":{"line":55,"column":1}},"line":42},"2":{"name":"(anonymous_2)","decl":{"start":{"line":50,"column":30},"end":{"line":50,"column":31}},"loc":{"start":{"line":50,"column":38},"end":{"line":50,"column":45}},"line":50}},"branchMap":{"0":{"loc":{"start":{"line":48,"column":22},"end":{"line":48,"column":49}},"type":"cond-expr","locations":[{"start":{"line":48,"column":31},"end":{"line":48,"column":37}},{"start":{"line":48,"column":40},"end":{"line":48,"column":49}}],"line":48}},"s":{"0":1,"1":1,"2":8,"3":1,"4":4,"5":3,"6":8},"f":{"0":8,"1":4,"2":8},"b":{"0":[2,1]},"_coverageSchema":"1a1c01bbd47fc00a2c39e90264f33305004495a9","hash":"e96584ae3143d2fd5496f970d01804977c4a0b1f"}
}
