TN:
SF:jest/__mock__/fileMock.js
FNF:0
FNH:0
DA:1,1
LF:1
LH:1
BRF:0
BRH:0
end_of_record
TN:
SF:src/components/ImageComponent.js
FN:4,(anonymous_0)
FNF:1
FNH:1
FNDA:9,(anonymous_0)
DA:4,1
DA:5,9
DA:6,8
LF:3
LH:3
BRDA:9,0,0,6
BRDA:9,0,1,2
BRF:2
BRH:2
end_of_record
TN:
SF:src/containers/ImageGridView.js
FN:33,(anonymous_0)
FN:42,(anonymous_1)
FN:50,(anonymous_2)
FNF:3
FNH:3
FNDA:8,(anonymous_0)
FNDA:4,(anonymous_1)
FNDA:8,(anonymous_2)
DA:5,1
DA:33,1
DA:34,8
DA:42,1
DA:43,4
DA:44,3
DA:50,8
LF:7
LH:7
BRDA:48,0,0,2
BRDA:48,0,1,1
BRF:2
BRH:2
end_of_record
